Build started 7/31/2014 2:48:46 AM.
     1>Project "c:\Users\MRANA\documents\visual studio 2010\Projects\gitrepo\gitrepo\gitrepo.vcxproj" on node 2 (build target(s)).
     1>PrepareForBuild:
         Creating directory "c:\users\mrana\documents\visual studio 2010\Projects\gitrepo\Debug\".
       InitializeBuildStatus:
         Creating "Debug\gitrepo.unsuccessfulbuild" because "AlwaysCreate" was specified.
       ClCompile:
         C:\Program Files (x86)\Microsoft Visual Studio 10.0\VC\bin\CL.exe /c /ZI /nologo /W3 /WX- /Od /Oy- /D _MBCS /Gm /EHsc /RTC1 /MDd /GS /fp:precise /Zc:wchar_t /Zc:forScope /Fo"Debug\\" /Fd"Debug\vc100.pdb" /Gd /TP /analyze- /errorReport:prompt gitrepo.cpp
         gitrepo.cpp
       Link:
         C:\Program Files (x86)\Microsoft Visual Studio 10.0\VC\bin\link.exe /ERRORREPORT:PROMPT /OUT:"c:\users\mrana\documents\visual studio 2010\Projects\gitrepo\Debug\gitrepo.exe" /NOLOGO kernel32.lib user32.lib gdi32.lib winspool.lib comdlg32.lib advapi32.lib shell32.lib ole32.lib oleaut32.lib uuid.lib odbc32.lib odbccp32.lib /MANIFEST /ManifestFile:"Debug\gitrepo.exe.intermediate.manifest" /MANIFESTUAC:"level='asInvoker' uiAccess='false'" /DEBUG /PDB:"c:\users\mrana\documents\visual studio 2010\Projects\gitrepo\Debug\gitrepo.pdb" /TLBID:1 /DYNAMICBASE /NXCOMPAT /IMPLIB:"c:\users\mrana\documents\visual studio 2010\Projects\gitrepo\Debug\gitrepo.lib" /MACHINE:X86 Debug\gitrepo.obj
         gitrepo.vcxproj -> c:\users\mrana\documents\visual studio 2010\Projects\gitrepo\Debug\gitrepo.exe
       Manifest:
         C:\Program Files (x86)\Microsoft SDKs\Windows\v7.0A\bin\mt.exe /nologo /verbose /outputresource:"c:\users\mrana\documents\visual studio 2010\Projects\gitrepo\Debug\gitrepo.exe;#1" /manifest Debug\gitrepo.exe.intermediate.manifest
       FinalizeBuildStatus:
         Deleting file "Debug\gitrepo.unsuccessfulbuild".
         Touching "Debug\gitrepo.lastbuildstate".
     1>Done Building Project "c:\Users\MRANA\documents\visual studio 2010\Projects\gitrepo\gitrepo\gitrepo.vcxproj" (build target(s)).

Build succeeded.

Time Elapsed 00:00:03.24
